Using pre-set license
Built from '2020.3/staging' branch; Version is '2020.3.11f1 (99c7afb366b3) revision 10078127'; Using compiler version '192528614'; Build Type 'Release'
OS: 'Windows 10 Pro; OS build 19042.1052; Version 2009; 64bit' Language: 'en' Physical Memory: 16276 MB
BatchMode: 1, IsHumanControllingUs: 0, StartBugReporterOnCrash: 0, Is64bit: 1, IsPro: 0

 COMMAND LINE ARGUMENTS:
D:\Program Files\Unity\Editor\2020.3.11f1\Editor\Unity.exe
-adb2
-batchMode
-noUpm
-name
AssetImportWorker0
-projectPath
D:/UnityProjects/Rocket Boost/Rocket-Boost/Rocket Boost
-logFile
Logs/AssetImportWorker0.log
-srvPort
57533
Successfully changed project path to: D:/UnityProjects/Rocket Boost/Rocket-Boost/Rocket Boost
D:/UnityProjects/Rocket Boost/Rocket-Boost/Rocket Boost
Using Asset Import Pipeline V2.
Refreshing native plugins compatible for Editor in 29.45 ms, found 2 plugins.
Preloading 0 native plugins for Editor in 0.00 ms.
Initialize engine version: 2020.3.11f1 (99c7afb366b3)
[Subsystems] Discovering subsystems at path D:/Program Files/Unity/Editor/2020.3.11f1/Editor/Data/Resources/UnitySubsystems
[Subsystems] Discovering subsystems at path D:/UnityProjects/Rocket Boost/Rocket-Boost/Rocket Boost/Assets
GfxDevice: creating device client; threaded=0
Direct3D:
    Version:  Direct3D 11.0 [level 11.1]
    Renderer: NVIDIA GeForce GTX 1060 with Max-Q Design (ID=0x1c20)
    Vendor:   
    VRAM:     6052 MB
    Driver:   25.21.14.1701
Initialize mono
Mono path[0] = 'D:/Program Files/Unity/Editor/2020.3.11f1/Editor/Data/Managed'
Mono path[1] = 'D:/Program Files/Unity/Editor/2020.3.11f1/Editor/Data/MonoBleedingEdge/lib/mono/unityjit'
Mono config path = 'D:/Program Files/Unity/Editor/2020.3.11f1/Editor/Data/MonoBleedingEdge/etc'
Using monoOptions --debugger-agent=transport=dt_socket,embedding=1,server=y,suspend=n,address=127.0.0.1:56556
Begin MonoManager ReloadAssembly
Registering precompiled unity dll's ...
Register platform support module: D:/Program Files/Unity/Editor/2020.3.11f1/Editor/Data/PlaybackEngines/WebGLSupport/UnityEditor.WebGL.Extensions.dll
Register platform support module: D:/Program Files/Unity/Editor/2020.3.11f1/Editor/Data/PlaybackEngines/WindowsStandaloneSupport/UnityEditor.WindowsStandalone.Extensions.dll
Registered in 0.001846 seconds.
Native extension for WindowsStandalone target not found
Native extension for WebGL target not found
Refreshing native plugins compatible for Editor in 60.47 ms, found 2 plugins.
Preloading 0 native plugins for Editor in 0.00 ms.
Mono: successfully reloaded assembly
- Completed reload, in  1.471 seconds
Platform modules already initialized, skipping
Registering precompiled user dll's ...
Registered in 0.003307 seconds.
Begin MonoManager ReloadAssembly
Native extension for WindowsStandalone target not found
Native extension for WebGL target not found
Refreshing native plugins compatible for Editor in 0.50 ms, found 2 plugins.
Preloading 0 native plugins for Editor in 0.00 ms.
Mono: successfully reloaded assembly
- Completed reload, in  4.837 seconds
Platform modules already initialized, skipping
========================================================================
Worker process is ready to serve import requests
Launched and connected shader compiler UnityShaderCompiler.exe after 0.04 seconds
Refreshing native plugins compatible for Editor in 0.45 ms, found 2 plugins.
Preloading 0 native plugins for Editor in 0.00 ms.
Unloading 1387 Unused Serialized files (Serialized files now loaded: 0)
System memory in use before: 64.8 MB.
System memory in use after: 64.8 MB.

Unloading 19 unused Assets to reduce memory usage. Loaded Objects now: 1820.
Total: 1.840800 ms (FindLiveObjects: 0.147500 ms CreateObjectMapping: 0.050100 ms MarkObjects: 1.565600 ms  DeleteObjects: 0.076700 ms)

========================================================================
Received Import Request.
  path: Assets/Movment.cs
  artifactKey: Guid(3f07b6807787aa54a975b998073a565e) Importer(815301076,1909f56bfc062723c751e8b465ee728b)
Start importing Assets/Movment.cs using Guid(3f07b6807787aa54a975b998073a565e) Importer(815301076,1909f56bfc062723c751e8b465ee728b)  -> (artifact id: '2528948a68a4f708e6e176d2f9167695') in 0.050604 seconds
  Import took 0.053265 seconds .

========================================================================
Received Prepare
Registering precompiled user dll's ...
Registered in 0.002480 seconds.
Begin MonoManager ReloadAssembly
Native extension for WindowsStandalone target not found
Native extension for WebGL target not found
Refreshing native plugins compatible for Editor in 0.33 ms, found 2 plugins.
Preloading 0 native plugins for Editor in 0.00 ms.
Mono: successfully reloaded assembly
- Completed reload, in  1.035 seconds
Platform modules already initialized, skipping
Refreshing native plugins compatible for Editor in 0.29 ms, found 2 plugins.
Preloading 0 native plugins for Editor in 0.00 ms.
Unloading 1382 Unused Serialized files (Serialized files now loaded: 0)
System memory in use before: 64.7 MB.
System memory in use after: 64.8 MB.

Unloading 14 unused Assets to reduce memory usage. Loaded Objects now: 1823.
Total: 2.122500 ms (FindLiveObjects: 0.154100 ms CreateObjectMapping: 0.046300 ms MarkObjects: 1.821800 ms  DeleteObjects: 0.099500 ms)

========================================================================
Received Import Request.
  Time since last request: 749.378592 seconds.
  path: Assets/Movment.cs
  artifactKey: Guid(3f07b6807787aa54a975b998073a565e) Importer(815301076,1909f56bfc062723c751e8b465ee728b)
Start importing Assets/Movment.cs using Guid(3f07b6807787aa54a975b998073a565e) Importer(815301076,1909f56bfc062723c751e8b465ee728b)  -> (artifact id: 'e02a79d57339f228fc903ddb42764349') in 0.003934 seconds
  Import took 0.006193 seconds .

========================================================================
Received Import Request.
  Time since last request: 1.285754 seconds.
  path: Assets/Movment.cs
  artifactKey: Guid(3f07b6807787aa54a975b998073a565e) Importer(815301076,1909f56bfc062723c751e8b465ee728b)
Start importing Assets/Movment.cs using Guid(3f07b6807787aa54a975b998073a565e) Importer(815301076,1909f56bfc062723c751e8b465ee728b)  -> (artifact id: 'e02a79d57339f228fc903ddb42764349') in 0.001113 seconds
  Import took 0.003260 seconds .

========================================================================
Received Prepare
Registering precompiled user dll's ...
Registered in 0.003706 seconds.
Begin MonoManager ReloadAssembly
Native extension for WindowsStandalone target not found
Native extension for WebGL target not found
Refreshing native plugins compatible for Editor in 0.32 ms, found 2 plugins.
Preloading 0 native plugins for Editor in 0.00 ms.
Mono: successfully reloaded assembly
- Completed reload, in  1.041 seconds
Platform modules already initialized, skipping
Refreshing native plugins compatible for Editor in 0.29 ms, found 2 plugins.
Preloading 0 native plugins for Editor in 0.00 ms.
Unloading 1382 Unused Serialized files (Serialized files now loaded: 0)
System memory in use before: 64.7 MB.
System memory in use after: 64.8 MB.

Unloading 14 unused Assets to reduce memory usage. Loaded Objects now: 1826.
Total: 2.254500 ms (FindLiveObjects: 0.144300 ms CreateObjectMapping: 0.038500 ms MarkObjects: 1.982600 ms  DeleteObjects: 0.088100 ms)

========================================================================
Received Import Request.
  Time since last request: 101.661936 seconds.
  path: Assets/Movment.cs
  artifactKey: Guid(3f07b6807787aa54a975b998073a565e) Importer(815301076,1909f56bfc062723c751e8b465ee728b)
Start importing Assets/Movment.cs using Guid(3f07b6807787aa54a975b998073a565e) Importer(815301076,1909f56bfc062723c751e8b465ee728b)  -> (artifact id: 'a62ac07b5416868fed43a936a4139553') in 0.003117 seconds
  Import took 0.005185 seconds .

========================================================================
Received Import Request.
  Time since last request: 1.345922 seconds.
  path: Assets/Movment.cs
  artifactKey: Guid(3f07b6807787aa54a975b998073a565e) Importer(815301076,1909f56bfc062723c751e8b465ee728b)
Start importing Assets/Movment.cs using Guid(3f07b6807787aa54a975b998073a565e) Importer(815301076,1909f56bfc062723c751e8b465ee728b)  -> (artifact id: 'a62ac07b5416868fed43a936a4139553') in 0.001043 seconds
  Import took 0.003304 seconds .

========================================================================
Received Prepare
Registering precompiled user dll's ...
Registered in 0.002476 seconds.
Begin MonoManager ReloadAssembly
Native extension for WindowsStandalone target not found
Native extension for WebGL target not found
Refreshing native plugins compatible for Editor in 0.35 ms, found 2 plugins.
Preloading 0 native plugins for Editor in 0.00 ms.
Mono: successfully reloaded assembly
- Completed reload, in  1.125 seconds
Platform modules already initialized, skipping
Refreshing native plugins compatible for Editor in 0.41 ms, found 2 plugins.
Preloading 0 native plugins for Editor in 0.00 ms.
Unloading 1382 Unused Serialized files (Serialized files now loaded: 0)
System memory in use before: 64.7 MB.
System memory in use after: 64.8 MB.

Unloading 14 unused Assets to reduce memory usage. Loaded Objects now: 1829.
Total: 2.020700 ms (FindLiveObjects: 0.141300 ms CreateObjectMapping: 0.038200 ms MarkObjects: 1.765400 ms  DeleteObjects: 0.074700 ms)

AssetImportWorkerClient::OnTransportError - code=2 error=End of file
